<?xml version="1.0" encoding="UTF-8"?>
<!-- Generated by org.testng.reporters.JUnitReportReporter -->
<testsuite hostname="DESKTOP-3QGV6GM" failures="0" tests="3" name="com.mystore.testcases.TC_MyAccountPageTest" time="28.694" errors="0" timestamp="2022-07-25T10:16:46 IST" skipped="1">
  <testcase classname="com.mystore.testcases.TC_MyAccountPageTest" name="VerifyLogin" time="15.789"/>
  <system-out/>
  <testcase classname="com.mystore.testcases.TC_MyAccountPageTest" name="VerifySignOut" time="12.905"/>
  <system-out/>
  <testcase classname="com.mystore.testcases.TC_MyAccountPageTest" name="verifyRegistrationAndLogin">
    <skipped/>
  </testcase> <!-- verifyRegistrationAndLogin -->
  <system-out/>
</testsuite> <!-- com.mystore.testcases.TC_MyAccountPageTest -->
